#
# A fatal error has been detected by the Java Runtime Environment:
#
#  EXCEPTION_ACCESS_VIOLATION (0xc0000005) at pc=0x000000006ed71591, pid=7412, tid=0x0000000000002b2c
#
# JRE version: Java(TM) SE Runtime Environment (8.0_141-b15) (build 1.8.0_141-b15)
# Java VM: Java HotSpot(TM) 64-Bit Server VM (25.141-b15 mixed mode windows-amd64 compressed oops)
# Problematic frame:
# C  [glass.dll+0x21591]
#
# Failed to write core dump. Minidumps are not enabled by default on client versions of Windows
#
# If you would like to submit a bug report, please visit:
#   http://bugreport.java.com/bugreport/crash.jsp
# The crash happened outside the Java Virtual Machine in native code.
# See problematic frame for where to report the bug.
#

---------------  T H R E A D  ---------------

Current thread (0x000000001dd87800):  JavaThread "JavaFX Application Thread" [_thread_in_native, id=11052, stack(0x000000001e910000,0x000000001ea10000)]

siginfo: ExceptionCode=0xc0000005, reading address 0x0000000000000038

Registers:
RAX=0x0000ecc4985e52ef, RBX=0x0000000000000000, RCX=0x0000000000000028, RDX=0x000000000007056c
RSP=0x000000001ea0d6c0, RBP=0x0000000000000000, RSI=0x0000000002ee1ff0, RDI=0x000000001ea0da80
R8 =0x0000000000000000, R9 =0x0000000000000000, R10=0x0000000000000000, R11=0x000000001ea0d768
R12=0x00000000000e0566, R13=0x0000000000000401, R14=0x0000000000000000, R15=0x0000000000000000
RIP=0x000000006ed71591, EFLAGS=0x0000000000010202

Top of Stack: (sp=0x000000001ea0d6c0)
0x000000001ea0d6c0:   0000000000000000 0000000000000000
0x000000001ea0d6d0:   0000000000000000 00007ffb0d6031e0
0x000000001ea0d6e0:   0000000000000000 00007ffb0f9fad30
0x000000001ea0d6f0:   0000000000180016 000000006ed764f0
0x000000001ea0d700:   fffffffffffffffe 000000006ed764f0
0x000000001ea0d710:   000000001ea0d748 0000000000000000
0x000000001ea0d720:   00002537967a7ce0 0000000002ee1ff0
0x000000001ea0d730:   000000000007056c 00007ffb0d5a09b8
0x000000001ea0d740:   0000000000000578 000000001ea0d701
0x000000001ea0d750:   000000000018c089 0000ecc4985e52ef
0x000000001ea0d760:   000000001ea0da80 000000006ed6a652
0x000000001ea0d770:   0000000000000000 0000000002ee1ff0
0x000000001ea0d780:   0000000000000401 0000000000000000
0x000000001ea0d790:   000000001ea0da80 000000006ed5a255
0x000000001ea0d7a0:   0000000000000401 0000000002ee1ff0
0x000000001ea0d7b0:   000000000000c089 000000001be87d01 

Instructions: (pc=0x000000006ed71591)
0x000000006ed71571:   8b dc 49 89 5b 20 57 48 81 ec a0 00 00 00 48 8b
0x000000006ed71581:   05 4a 7c 01 00 48 33 c4 48 89 84 24 98 00 00 00
0x000000006ed71591:   83 79 10 00 48 8b fa 48 8b d9 0f 84 1e 01 00 00
0x000000006ed715a1:   c7 44 24 70 18 00 00 00 c7 44 24 74 02 00 00 80 


Register to memory mapping:

RAX=0x0000ecc4985e52ef is an unknown value
RBX=0x0000000000000000 is an unknown value
RCX=0x0000000000000028 is an unknown value
RDX=0x000000000007056c is an unknown value
RSP=0x000000001ea0d6c0 is pointing into the stack for thread: 0x000000001dd87800
RBP=0x0000000000000000 is an unknown value
RSI=0x0000000002ee1ff0 is an unknown value
RDI=0x000000001ea0da80 is pointing into the stack for thread: 0x000000001dd87800
R8 =0x0000000000000000 is an unknown value
R9 =0x0000000000000000 is an unknown value
R10=0x0000000000000000 is an unknown value
R11=0x000000001ea0d768 is pointing into the stack for thread: 0x000000001dd87800
R12=0x00000000000e0566 is an unknown value
R13=0x0000000000000401 is an unknown value
R14=0x0000000000000000 is an unknown value
R15=0x0000000000000000 is an unknown value


Stack: [0x000000001e910000,0x000000001ea10000],  sp=0x000000001ea0d6c0,  free space=1013k
Native frames: (J=compiled Java code, j=interpreted, Vv=VM code, C=native code)

Java frames: (J=compiled Java code, j=interpreted, Vv=VM code)
j  com.sun.glass.ui.win.WinWindow._setView(JLcom/sun/glass/ui/View;)Z+0
j  com.sun.glass.ui.Window.close()V+25
j  com.sun.glass.ui.win.WinWindow.close()V+8
j  com.sun.glass.ui.Application.terminate()V+75
j  com.sun.javafx.tk.quantum.QuantumToolkit.lambda$exit$406()Ljava/lang/Object;+5
j  com.sun.javafx.tk.quantum.QuantumToolkit$$Lambda$295.get()Ljava/lang/Object;+0
j  com.sun.javafx.tk.quantum.QuantumToolkit.runWithRenderLock(Ljava/util/function/Supplier;)Ljava/lang/Object;+7
j  com.sun.javafx.tk.quantum.QuantumToolkit.exit()V+26
j  com.sun.javafx.application.PlatformImpl.lambda$tkExit$178()V+3
j  com.sun.javafx.application.PlatformImpl$$Lambda$294.run()V+0
j  com.sun.javafx.application.PlatformImpl.lambda$runAndWait$175(Ljava/lang/Runnable;Ljava/util/concurrent/CountDownLatch;)V+1
j  com.sun.javafx.application.PlatformImpl$$Lambda$48.run()V+8
j  com.sun.javafx.application.PlatformImpl.lambda$null$173(Ljava/lang/Runnable;)Ljava/lang/Void;+1
j  com.sun.javafx.application.PlatformImpl$$Lambda$50.run()Ljava/lang/Object;+4
v  ~StubRoutines::call_stub
J 1806  java.security.AccessController.doPrivileged(Ljava/security/PrivilegedAction;Ljava/security/AccessControlContext;)Ljava/lang/Object; (0 bytes) @ 0x000000000535eba6 [0x000000000535eb40+0x66]
j  com.sun.javafx.application.PlatformImpl.lambda$runLater$174(Ljava/lang/Runnable;Ljava/security/AccessControlContext;)V+7
j  com.sun.javafx.application.PlatformImpl$$Lambda$49.run()V+8
J 2220 C1 com.sun.glass.ui.InvokeLaterDispatcher$Future.run()V (91 bytes) @ 0x00000000054349d4 [0x00000000054348c0+0x114]
v  ~StubRoutines::call_stub
j  com.sun.glass.ui.win.WinApplication._runLoop(Ljava/lang/Runnable;)V+0
j  com.sun.glass.ui.win.WinApplication.lambda$null$148(ILjava/lang/Runnable;)V+8
j  com.sun.glass.ui.win.WinApplication$$Lambda$38.run()V+12
j  java.lang.Thread.run()V+11
v  ~StubRoutines::call_stub

---------------  P R O C E S S  ---------------

Java Threads: ( => current thread )
  0x00000000243d4000 JavaThread "QuantumRenderer-0" daemon [_thread_blocked, id=2712, stack(0x0000000029f00000,0x000000002a000000)]
  0x00000000243d3000 JavaThread "QuantumRenderer-0" daemon [_thread_blocked, id=1028, stack(0x0000000029e00000,0x0000000029f00000)]
  0x0000000023bc4800 JavaThread "SystemTrayEventDispatch-1" [_thread_blocked, id=10556, stack(0x0000000029900000,0x0000000029a00000)]
  0x0000000023bc2000 JavaThread "Timer-1" daemon [_thread_blocked, id=10932, stack(0x0000000029800000,0x0000000029900000)]
  0x0000000023bc0000 JavaThread "JNativeHook Dispatch Thread" daemon [_thread_blocked, id=5748, stack(0x0000000028de0000,0x0000000028ee0000)]
  0x0000000023bc6000 JavaThread "JNativeHook Hook Thread" [_thread_blocked, id=8380, stack(0x0000000028ae0000,0x0000000028be0000)]
  0x0000000023bc5000 JavaThread "Prism Font Disposer" daemon [_thread_blocked, id=6600, stack(0x0000000027c50000,0x0000000027d50000)]
  0x0000000023bc6800 JavaThread "Image Fetcher 0" daemon [_thread_blocked, id=11092, stack(0x00000000258e0000,0x00000000259e0000)]
  0x0000000023bb4000 JavaThread "AWT-EventQueue-0" [_thread_blocked, id=10920, stack(0x00000000253e0000,0x00000000254e0000)]
  0x000000001e006000 JavaThread "ForceHighResTimer" daemon [_thread_blocked, id=6396, stack(0x00000000237d0000,0x00000000238d0000)]
  0x000000001df4c800 JavaThread "AWT-Shutdown" [_thread_blocked, id=10420, stack(0x00000000233d0000,0x00000000234d0000)]
  0x000000001df46800 JavaThread "Java2D Disposer" daemon [_thread_blocked, id=2944, stack(0x00000000232d0000,0x00000000233d0000)]
  0x000000001de1d800 JavaThread "JavaFX-Launcher" [_thread_blocked, id=4908, stack(0x00000000230a0000,0x00000000231a0000)]
  0x000000001de72000 JavaThread "Thread-2" daemon [_thread_in_native, id=9084, stack(0x0000000022fa0000,0x00000000230a0000)]
=>0x000000001dd87800 JavaThread "JavaFX Application Thread" [_thread_in_native, id=11052, stack(0x000000001e910000,0x000000001ea10000)]
  0x000000001dd8c800 JavaThread "Thread-1" daemon [_thread_blocked, id=5544, stack(0x000000001e810000,0x000000001e910000)]
  0x000000001be9e000 JavaThread "Service Thread" daemon [_thread_blocked, id=9744, stack(0x000000001db80000,0x000000001dc80000)]
  0x000000001be50000 JavaThread "C1 CompilerThread2" daemon [_thread_blocked, id=8840, stack(0x000000001d680000,0x000000001d780000)]
  0x000000001be4d000 JavaThread "C2 CompilerThread1" daemon [_thread_blocked, id=8532, stack(0x000000001d580000,0x000000001d680000)]
  0x000000001be49800 JavaThread "C2 CompilerThread0" daemon [_thread_blocked, id=9244, stack(0x000000001d480000,0x000000001d580000)]
  0x000000001be48800 JavaThread "Attach Listener" daemon [_thread_blocked, id=4656, stack(0x000000001d380000,0x000000001d480000)]
  0x000000001be47800 JavaThread "Signal Dispatcher" daemon [_thread_blocked, id=3672, stack(0x000000001d280000,0x000000001d380000)]
  0x000000001be2a800 JavaThread "Finalizer" daemon [_thread_blocked, id=1896, stack(0x000000001d0a0000,0x000000001d1a0000)]
  0x0000000004db3800 JavaThread "Reference Handler" daemon [_thread_blocked, id=10720, stack(0x000000001cfa0000,0x000000001d0a0000)]
  0x000000000095e000 JavaThread "main" [_thread_blocked, id=7468, stack(0x0000000004bc0000,0x0000000004cc0000)]

Other Threads:
  0x000000001be06800 VMThread [stack: 0x000000001cea0000,0x000000001cfa0000] [id=10368]

VM state:at safepoint (normal execution)

VM Mutex/Monitor currently owned by a thread:  ([mutex/lock_event])
[0x000000000095cfb0] Threads_lock - owner thread: 0x000000001be06800

Heap:
 PSYoungGen      total 57344K, used 28388K [0x0000000780980000, 0x0000000784980000, 0x00000007c0000000)
  eden space 49152K, 57% used [0x0000000780980000,0x0000000782539100,0x0000000783980000)
  from space 8192K, 0% used [0x0000000783980000,0x0000000783980000,0x0000000784180000)
  to   space 8192K, 0% used [0x0000000784180000,0x0000000784180000,0x0000000784980000)
 ParOldGen       total 96768K, used 6235K [0x0000000701c00000, 0x0000000707a80000, 0x0000000780980000)
  object space 96768K, 6% used [0x0000000701c00000,0x0000000702216f28,0x0000000707a80000)
 Metaspace       used 24952K, capacity 26064K, committed 26368K, reserved 1071104K
  class space    used 3514K, capacity 3751K, committed 3840K, reserved 1048576K

Card table byte_map: [0x0000000014180000,0x0000000014780000] byte_map_base: 0x0000000010972000

Marking Bits: (ParMarkBitMap*) 0x000000007054d850
 Begin Bits: [0x0000000014f80000, 0x0000000017f10000)
 End Bits:   [0x0000000017f10000, 0x000000001aea0000)

Polling page: 0x0000000002e30000

CodeCache: size=245760Kb used=6702Kb max_used=6702Kb free=239057Kb
 bounds [0x0000000004dc0000, 0x0000000005450000, 0x0000000013dc0000]
 total_blobs=3093 nmethods=2262 adapters=743
 compilation: enabled

Compilation events (10 events):
Event: 3.910 Thread 0x000000001be50000 2257       3       java.util.Hashtable$Enumerator::hasMoreElements (53 bytes)
Event: 3.910 Thread 0x000000001be50000 nmethod 2257 0x000000000544bd50 code [0x000000000544bec0, 0x000000000544c1b0]
Event: 3.921 Thread 0x000000001be50000 2258       3       jdk.internal.org.objectweb.asm.FieldWriter::getSize (262 bytes)
Event: 3.922 Thread 0x000000001be50000 nmethod 2258 0x000000000544c2d0 code [0x000000000544c560, 0x000000000544d4c8]
Event: 3.924 Thread 0x000000001be50000 2260       3       java.io.FileOutputStream::write (12 bytes)
Event: 3.924 Thread 0x000000001be50000 nmethod 2260 0x000000000544e010 code [0x000000000544e180, 0x000000000544e308]
Event: 3.925 Thread 0x000000001be50000 2261       3       java.nio.CharBuffer::<init> (22 bytes)
Event: 3.925 Thread 0x000000001be50000 nmethod 2261 0x000000000544e3d0 code [0x000000000544e540, 0x000000000544e708]
Event: 3.928 Thread 0x000000001be50000 2262       1       java.lang.invoke.DirectMethodHandle$Special::isInvokeSpecial (2 bytes)
Event: 3.928 Thread 0x000000001be50000 nmethod 2262 0x000000000544e7d0 code [0x000000000544e920, 0x000000000544ea30]

GC Heap History (4 events):
Event: 1.186 GC heap before
{Heap before GC invocations=1 (full 0):
 PSYoungGen      total 57344K, used 40298K [0x0000000780980000, 0x0000000784980000, 0x00000007c0000000)
  eden space 49152K, 81% used [0x0000000780980000,0x00000007830daae8,0x0000000783980000)
  from space 8192K, 0% used [0x0000000784180000,0x0000000784180000,0x0000000784980000)
  to   space 8192K, 0% used [0x0000000783980000,0x0000000783980000,0x0000000784180000)
 ParOldGen       total 131072K, used 0K [0x0000000701c00000, 0x0000000709c00000, 0x0000000780980000)
  object space 131072K, 0% used [0x0000000701c00000,0x0000000701c00000,0x0000000709c00000)
 Metaspace       used 20542K, capacity 21104K, committed 21296K, reserved 1067008K
  class space    used 2783K, capacity 2937K, committed 2944K, reserved 1048576K
Event: 1.193 GC heap after
Heap after GC invocations=1 (full 0):
 PSYoungGen      total 57344K, used 6354K [0x0000000780980000, 0x0000000784980000, 0x00000007c0000000)
  eden space 49152K, 0% used [0x0000000780980000,0x0000000780980000,0x0000000783980000)
  from space 8192K, 77% used [0x0000000783980000,0x0000000783fb4a70,0x0000000784180000)
  to   space 8192K, 0% used [0x0000000784180000,0x0000000784180000,0x0000000784980000)
 ParOldGen       total 131072K, used 16K [0x0000000701c00000, 0x0000000709c00000, 0x0000000780980000)
  object space 131072K, 0% used [0x0000000701c00000,0x0000000701c04000,0x0000000709c00000)
 Metaspace       used 20542K, capacity 21104K, committed 21296K, reserved 1067008K
  class space    used 2783K, capacity 2937K, committed 2944K, reserved 1048576K
}
Event: 1.193 GC heap before
{Heap before GC invocations=2 (full 1):
 PSYoungGen      total 57344K, used 6354K [0x0000000780980000, 0x0000000784980000, 0x00000007c0000000)
  eden space 49152K, 0% used [0x0000000780980000,0x0000000780980000,0x0000000783980000)
  from space 8192K, 77% used [0x0000000783980000,0x0000000783fb4a70,0x0000000784180000)
  to   space 8192K, 0% used [0x0000000784180000,0x0000000784180000,0x0000000784980000)
 ParOldGen       total 131072K, used 16K [0x0000000701c00000, 0x0000000709c00000, 0x0000000780980000)
  object space 131072K, 0% used [0x0000000701c00000,0x0000000701c04000,0x0000000709c00000)
 Metaspace       used 20542K, capacity 21104K, committed 21296K, reserved 1067008K
  class space    used 2783K, capacity 2937K, committed 2944K, reserved 1048576K
Event: 1.227 GC heap after
Heap after GC invocations=2 (full 1):
 PSYoungGen      total 57344K, used 0K [0x0000000780980000, 0x0000000784980000, 0x00000007c0000000)
  eden space 49152K, 0% used [0x0000000780980000,0x0000000780980000,0x0000000783980000)
  from space 8192K, 0% used [0x0000000783980000,0x0000000783980000,0x0000000784180000)
  to   space 8192K, 0% used [0x0000000784180000,0x0000000784180000,0x0000000784980000)
 ParOldGen       total 96768K, used 6235K [0x0000000701c00000, 0x0000000707a80000, 0x0000000780980000)
  object space 96768K, 6% used [0x0000000701c00000,0x0000000702216f28,0x0000000707a80000)
 Metaspace       used 20542K, capacity 21104K, committed 21296K, reserved 1067008K
  class space    used 2783K, capacity 2937K, committed 2944K, reserved 1048576K
}

Deoptimization events (10 events):
Event: 1.438 Thread 0x000000001dd87800 Uncommon trap: reason=bimorphic action=maybe_recompile pc=0x0000000005135f24 method=java.io.DataInputStream.readChar()C @ 4
Event: 1.438 Thread 0x000000001dd87800 Uncommon trap: reason=bimorphic action=maybe_recompile pc=0x0000000005135f24 method=java.io.DataInputStream.readChar()C @ 4
Event: 1.438 Thread 0x000000001dd87800 Uncommon trap: reason=bimorphic action=maybe_recompile pc=0x0000000005135f24 method=java.io.DataInputStream.readChar()C @ 4
Event: 1.438 Thread 0x000000001dd87800 Uncommon trap: reason=bimorphic action=maybe_recompile pc=0x0000000005135f24 method=java.io.DataInputStream.readChar()C @ 4
Event: 1.501 Thread 0x000000001dd87800 Uncommon trap: reason=unstable_if action=reinterpret pc=0x0000000005298dd0 method=java.util.HashMap.isEmpty()Z @ 4
Event: 1.557 Thread 0x000000001dd87800 Uncommon trap: reason=unstable_if action=reinterpret pc=0x000000000515ea78 method=jdk.internal.org.objectweb.asm.Type.getArgumentsAndReturnSizes(Ljava/lang/String;)I @ 47
Event: 2.237 Thread 0x0000000023b70000 Uncommon trap: reason=bimorphic action=maybe_recompile pc=0x0000000005324da8 method=java.util.Hashtable.addEntry(ILjava/lang/Object;Ljava/lang/Object;I)V @ 38
Event: 2.238 Thread 0x0000000023b70000 Uncommon trap: reason=bimorphic action=maybe_recompile pc=0x0000000005324da8 method=java.util.Hashtable.addEntry(ILjava/lang/Object;Ljava/lang/Object;I)V @ 38
Event: 2.238 Thread 0x0000000023b70000 Uncommon trap: reason=bimorphic action=maybe_recompile pc=0x0000000005324da8 method=java.util.Hashtable.addEntry(ILjava/lang/Object;Ljava/lang/Object;I)V @ 38
Event: 2.238 Thread 0x0000000023b70000 Uncommon trap: reason=bimorphic action=maybe_recompile pc=0x0000000005324da8 method=java.util.Hashtable.addEntry(ILjava/lang/Object;Ljava/lang/Object;I)V @ 38

Internal exceptions (10 events):
Event: 0.893 Thread 0x000000001dd87800 Exception <a 'java/io/FileNotFoundException'> (0x00000007824343e0) thrown at [C:\re\workspace\8-2-build-windows-amd64-cygwin\jdk8u141\9370\hotspot\src\share\vm\prims\jni.cpp, line 709]
Event: 0.915 Thread 0x000000001dd87800 Exception <a 'java/lang/UnsatisfiedLinkError': Belirtilen yordam bulunamad覺.
> (0x00000007826a4a78) thrown at [C:\re\workspace\8-2-build-windows-amd64-cygwin\jdk8u141\9370\hotspot\src\share\vm\prims\jni.cpp, line 735]
Event: 0.915 Thread 0x000000001dd87800 Exception <a 'java/lang/UnsatisfiedLinkError': Belirtilen yordam bulunamad覺.
> (0x00000007826a6ad0) thrown at [C:\re\workspace\8-2-build-windows-amd64-cygwin\jdk8u141\9370\hotspot\src\share\vm\prims\jni.cpp, line 735]
Event: 0.916 Thread 0x000000001dd87800 Exception <a 'java/lang/UnsatisfiedLinkError': Belirtilen yordam bulunamad覺.
> (0x00000007826aced0) thrown at [C:\re\workspace\8-2-build-windows-amd64-cygwin\jdk8u141\9370\hotspot\src\share\vm\prims\jni.cpp, line 735]
Event: 0.916 Thread 0x000000001dd87800 Exception <a 'java/lang/UnsatisfiedLinkError': Belirtilen yordam bulunamad覺.
> (0x00000007826aeff8) thrown at [C:\re\workspace\8-2-build-windows-amd64-cygwin\jdk8u141\9370\hotspot\src\share\vm\prims\jni.cpp, line 735]
Event: 0.995 Thread 0x000000001dd87800 Exception <a 'java/lang/NullPointerException'> (0x00000007828c7a10) thrown at [C:\re\workspace\8-2-build-windows-amd64-cygwin\jdk8u141\9370\hotspot\src\share\vm\interpreter\linkResolver.cpp, line 1197]
Event: 0.995 Thread 0x000000001dd87800 Exception <a 'java/lang/NullPointerException'> (0x00000007828c7a10) thrown at [C:\re\workspace\8-2-build-windows-amd64-cygwin\jdk8u141\9370\hotspot\src\share\vm\prims\jvm.cpp, line 1394]
Event: 3.907 Thread 0x0000000023bc4800 Exception <a 'java/lang/InterruptedException'> (0x0000000782307fa8) thrown at [C:\re\workspace\8-2-build-windows-amd64-cygwin\jdk8u141\9370\hotspot\src\share\vm\runtime\objectMonitor.cpp, line 1495]
Event: 3.912 Thread 0x00000000243d2800 Exception <a 'java/lang/IllegalStateException'> (0x00000007823fd138) thrown at [C:\re\workspace\8-2-build-windows-amd64-cygwin\jdk8u141\9370\hotspot\src\share\vm\prims\jvm.cpp, line 1394]
Event: 3.923 Thread 0x000000001dd87800 Exception <a 'java/lang/RuntimeException'> (0x0000000781afb808) thrown at [C:\re\workspace\8-2-build-windows-amd64-cygwin\jdk8u141\9370\hotspot\src\share\vm\prims\jvm.cpp, line 1394]

Events (10 events):
Event: 3.924 Thread 0x000000001db3d000 Thread exited: 0x000000001db3d000
Event: 3.927 Thread 0x00000000243d4000 Thread added: 0x00000000243d4000
Event: 3.927 loading class com/sun/javafx/tk/quantum/ViewScene
Event: 3.927 loading class com/sun/javafx/tk/quantum/ViewScene done
Event: 3.928 loading class com/sun/javafx/tk/quantum/WindowStage
Event: 3.928 loading class com/sun/javafx/tk/quantum/WindowStage done
Event: 3.977 loading class java/util/logging/LogRecord
Event: 3.978 loading class java/util/logging/LogRecord done
Event: 4.012 Thread 0x00000000243d5000 Thread exited: 0x00000000243d5000
Event: 4.012 Executing VM operation: Exit


Dynamic libraries:
0x00007ff6406d0000 - 0x00007ff640707000 	C:\Program Files\Java\jdk1.8.0_141\jre\bin\java.exe
0x00007ffb0f9e0000 - 0x00007ffb0fbc0000 	C:\Windows\SYSTEM32\ntdll.dll
0x00007ffb0f110000 - 0x00007ffb0f1be000 	C:\Windows\System32\KERNEL32.DLL
0x00007ffb0c9c0000 - 0x00007ffb0cc26000 	C:\Windows\System32\KERNELBASE.dll
0x00007ffb0d710000 - 0x00007ffb0d7b1000 	C:\Windows\System32\ADVAPI32.dll
0x00007ffb0d1d0000 - 0x00007ffb0d26d000 	C:\Windows\System32\msvcrt.dll
0x00007ffb0d170000 - 0x00007ffb0d1cb000 	C:\Windows\System32\sechost.dll
0x00007ffb0f1c0000 - 0x00007ffb0f2df000 	C:\Windows\System32\RPCRT4.dll
0x00007ffb0d580000 - 0x00007ffb0d70f000 	C:\Windows\System32\USER32.dll
0x00007ffb0bde0000 - 0x00007ffb0be00000 	C:\Windows\System32\win32u.dll
0x00007ffb0d070000 - 0x00007ffb0d098000 	C:\Windows\System32\GDI32.dll
0x00007ffb0c820000 - 0x00007ffb0c9b3000 	C:\Windows\System32\gdi32full.dll
0x00007ffb0c5d0000 - 0x00007ffb0c66b000 	C:\Windows\System32\msvcp_win.dll
0x00007ffb0c720000 - 0x00007ffb0c815000 	C:\Windows\System32\ucrtbase.dll
0x00007ffb01550000 - 0x00007ffb017b9000 	C:\Windows\WinSxS\amd64_microsoft.windows.common-controls_6595b64144ccf1df_6.0.16299.847_none_15cddd1e93602b6a\COMCTL32.dll
0x00007ffb0d270000 - 0x00007ffb0d576000 	C:\Windows\System32\combase.dll
0x00007ffb0c550000 - 0x00007ffb0c5c2000 	C:\Windows\System32\bcryptPrimitives.dll
0x00007ffb0f920000 - 0x00007ffb0f94d000 	C:\Windows\System32\IMM32.DLL
0x0000000071520000 - 0x00000000715f2000 	C:\Program Files\Java\jdk1.8.0_141\jre\bin\msvcr100.dll
0x000000006fd30000 - 0x00000000705cd000 	C:\Program Files\Java\jdk1.8.0_141\jre\bin\server\jvm.dll
0x00007ffb0f910000 - 0x00007ffb0f918000 	C:\Windows\System32\PSAPI.DLL
0x00007ffb03710000 - 0x00007ffb0371a000 	C:\Windows\SYSTEM32\VERSION.dll
0x00007ffaf82f0000 - 0x00007ffaf82f9000 	C:\Windows\SYSTEM32\WSOCK32.dll
0x00007ffb0a0d0000 - 0x00007ffb0a0f3000 	C:\Windows\SYSTEM32\WINMM.dll
0x00007ffb0d820000 - 0x00007ffb0d88c000 	C:\Windows\System32\WS2_32.dll
0x00007ffb0a040000 - 0x00007ffb0a06a000 	C:\Windows\SYSTEM32\winmmbase.dll
0x00007ffb0ce60000 - 0x00007ffb0ceaa000 	C:\Windows\System32\cfgmgr32.dll
0x0000000071510000 - 0x000000007151f000 	C:\Program Files\Java\jdk1.8.0_141\jre\bin\verify.dll
0x0000000070ec0000 - 0x0000000070ee9000 	C:\Program Files\Java\jdk1.8.0_141\jre\bin\java.dll
0x00000000714f0000 - 0x0000000071506000 	C:\Program Files\Java\jdk1.8.0_141\jre\bin\zip.dll
0x00007ffb0dc20000 - 0x00007ffb0f058000 	C:\Windows\System32\SHELL32.dll
0x00007ffb0f060000 - 0x00007ffb0f106000 	C:\Windows\System32\shcore.dll
0x00007ffb0be00000 - 0x00007ffb0c547000 	C:\Windows\System32\windows.storage.dll
0x00007ffb0f8b0000 - 0x00007ffb0f901000 	C:\Windows\System32\shlwapi.dll
0x00007ffb0bdc0000 - 0x00007ffb0bdd1000 	C:\Windows\System32\kernel.appcore.dll
0x00007ffb0bd30000 - 0x00007ffb0bd7c000 	C:\Windows\System32\powrprof.dll
0x00007ffb0bd80000 - 0x00007ffb0bd9b000 	C:\Windows\System32\profapi.dll
0x00007ffaee610000 - 0x00007ffaee6ff000 	C:\Program Files\Java\jdk1.8.0_141\jre\bin\msvcr120.dll
0x00007ffaee300000 - 0x00007ffaee3a6000 	C:\Program Files\Java\jdk1.8.0_141\jre\bin\msvcp120.dll
0x000000006eda0000 - 0x000000006edc2000 	C:\Program Files\Java\jdk1.8.0_141\jre\bin\prism_d3d.dll
0x00007ffac31d0000 - 0x00007ffac3365000 	C:\Windows\system32\d3d9.dll
0x00007ffb0a590000 - 0x00007ffb0a5ba000 	C:\Windows\SYSTEM32\dwmapi.dll
0x00007ffb0a340000 - 0x00007ffb0a3d5000 	C:\Windows\system32\uxtheme.dll
0x00007ffb0d0a0000 - 0x00007ffb0d165000 	C:\Windows\System32\OLEAUT32.dll
0x00007ffb0f2e0000 - 0x00007ffb0f429000 	C:\Windows\System32\ole32.dll
0x000000006ed50000 - 0x000000006ed93000 	C:\Program Files\Java\jdk1.8.0_141\jre\bin\glass.dll
0x00007ffb0ceb0000 - 0x00007ffb0cfba000 	C:\Windows\System32\COMDLG32.dll
0x00007ffb0da30000 - 0x00007ffb0db97000 	C:\Windows\System32\MSCTF.dll
0x000000006fb70000 - 0x000000006fd08000 	C:\Program Files\Java\jdk1.8.0_141\jre\bin\awt.dll
0x00007ffb0a1c0000 - 0x00007ffb0a248000 	C:\Windows\SYSTEM32\apphelp.dll
0x00007ffad7310000 - 0x00007ffad742e000 	C:\Windows\system32\opengl32.dll
0x00007ffaddd10000 - 0x00007ffaddd3c000 	C:\Windows\SYSTEM32\GLU32.dll
0x000000006ed30000 - 0x000000006ed44000 	C:\Program Files\Java\jdk1.8.0_141\jre\bin\javafx_font.dll
0x00007ffb0b790000 - 0x00007ffb0b7a7000 	C:\Windows\SYSTEM32\CRYPTSP.dll
0x00007ffb0b1c0000 - 0x00007ffb0b1f3000 	C:\Windows\system32\rsaenh.dll
0x00007ffb0b890000 - 0x00007ffb0b8b5000 	C:\Windows\SYSTEM32\bcrypt.dll
0x00007ffb0bc30000 - 0x00007ffb0bc59000 	C:\Windows\SYSTEM32\USERENV.dll
0x00007ffb0b780000 - 0x00007ffb0b78b000 	C:\Windows\SYSTEM32\CRYPTBASE.dll
0x0000000070ea0000 - 0x0000000070eba000 	C:\Program Files\Java\jdk1.8.0_141\jre\bin\net.dll
0x00007ffb0b5c0000 - 0x00007ffb0b626000 	C:\Windows\system32\mswsock.dll
0x00007ffb0b350000 - 0x00007ffb0b389000 	C:\Windows\SYSTEM32\IPHLPAPI.DLL
0x00007ffb0f8a0000 - 0x00007ffb0f8a8000 	C:\Windows\System32\NSI.dll
0x00007ffb03e30000 - 0x00007ffb03e46000 	C:\Windows\SYSTEM32\dhcpcsvc6.DLL
0x00007ffb03fc0000 - 0x00007ffb03fda000 	C:\Windows\SYSTEM32\dhcpcsvc.DLL
0x000000006fd10000 - 0x000000006fd21000 	C:\Program Files\Java\jdk1.8.0_141\jre\bin\nio.dll
0x00007ffafab90000 - 0x00007ffafabd2000 	C:\Users\ThekME\AppData\Local\Temp\jna--1790958254\jna7842800777945380631.dll
0x000000006fb20000 - 0x000000006fb67000 	C:\Program Files\Java\jdk1.8.0_141\jre\bin\fontmanager.dll
0x00007ffb0cfd0000 - 0x00007ffb0d06e000 	C:\Windows\System32\clbcatq.dll
0x00007ffb07cd0000 - 0x00007ffb07e7c000 	C:\Windows\SYSTEM32\WindowsCodecs.dll
0x00007ffadb8f0000 - 0x00007ffadb93f000 	C:\Windows\system32\dataexchange.dll
0x00007ffb09150000 - 0x00007ffb09432000 	C:\Windows\system32\d3d11.dll
0x00007ffb09b10000 - 0x00007ffb09c52000 	C:\Windows\system32\dcomp.dll
0x00007ffb0ab90000 - 0x00007ffb0ac3f000 	C:\Windows\system32\dxgi.dll
0x00007ffb0a6a0000 - 0x00007ffb0a81b000 	C:\Windows\system32\twinapi.appcore.dll
0x00007ffb0a900000 - 0x00007ffb0a920000 	C:\Windows\system32\RMCLIENT.dll
0x00007ffaf9d90000 - 0x00007ffaf9dc4000 	C:\Program Files\Common Files\Microsoft Shared\Ink\rtscom.dll
0x000000006fad0000 - 0x000000006fb12000 	C:\Program Files\Java\jdk1.8.0_141\jre\bin\t2k.dll
0x000000006faa0000 - 0x000000006faca000 	C:\Program Files\Java\jdk1.8.0_141\jre\bin\dcpr.dll
0x00007ffaf7090000 - 0x00007ffaf7128000 	C:\Windows\System32\TextInputFramework.dll
0x00007ffb076b0000 - 0x00007ffb0799e000 	C:\Windows\System32\CoreUIComponents.dll
0x00007ffb09a30000 - 0x00007ffb09b0c000 	C:\Windows\System32\CoreMessaging.dll
0x00007ffb0ae60000 - 0x00007ffb0ae91000 	C:\Windows\SYSTEM32\ntmarta.dll
0x00007ffb08210000 - 0x00007ffb08346000 	C:\Windows\SYSTEM32\wintypes.dll
0x00007ffaf68a0000 - 0x00007ffaf6bb1000 	C:\Windows\SYSTEM32\dwrite.dll
0x0000000070e80000 - 0x0000000070e94000 	C:\Users\ThekME\AppData\Local\Temp\JNativeHook-2.1.0.x86_64.dll
0x000000006ed10000 - 0x000000006ed21000 	C:\Program Files\Java\jdk1.8.0_141\jre\bin\prism_common.dll
0x00007ffb09470000 - 0x00007ffb09a28000 	C:\Windows\SYSTEM32\d2d1.dll
0x00007ffb0cc90000 - 0x00007ffb0ce5e000 	C:\Windows\System32\CRYPT32.dll
0x00007ffb0bda0000 - 0x00007ffb0bdb2000 	C:\Windows\System32\MSASN1.dll
0x00007ffaf14e0000 - 0x00007ffaf1c4c000 	C:\Windows\SYSTEM32\D3D10Warp.dll
0x00007ffb03360000 - 0x00007ffb03528000 	C:\Windows\SYSTEM32\dbghelp.dll

VM Arguments:
jvm_args: -Dfile.encoding=UTF-8 
java_command: C:\Users\ThekME\Documents\NetBeansProjects\TabarekTranslator\dist\run636041931\TabarekTranslator.jar
java_class_path (initial): C:\Users\ThekME\Documents\NetBeansProjects\TabarekTranslator\dist\run636041931\TabarekTranslator.jar
Launcher Type: SUN_STANDARD

Environment Variables:
PATH=C:\Program Files\Broadcom\Broadcom 802.11 Network Adapter;;C:\Program Files (x86)\Common Files\Oracle\Java\javapath;C:\ProgramData\Oracle\Java\javapath;C:\Windows\system32;C:\Windows;C:\Windows\System32\Wbem;C:\Windows\System32\WindowsPowerShell\v1.0\;C:\Program Files (x86)\NVIDIA Corporation\PhysX\Common;C:\Program Files\dotnet\;C:\Program Files\Microsoft SQL Server\130\Tools\Binn\;C:\Program Files\Microsoft SQL Server\Client SDK\ODBC\130\Tools\Binn\;C:\Program Files (x86)\Microsoft SQL Server\140\Tools\Binn\;C:\Program Files\Microsoft SQL Server\140\Tools\Binn\;C:\Program Files\Microsoft SQL Server\140\DTS\Binn\;C:\Program Files (x86)\Microsoft SQL Server\Client SDK\ODBC\130\Tools\Binn\;C:\Program Files (x86)\Microsoft SQL Server\140\DTS\Binn\;C:\Program Files (x86)\Microsoft SQL Server\140\Tools\Binn\ManagementStudio\;C:\Program Files\Git\cmd;C:\Users\ThekME\AppData\Local\Microsoft\WindowsApps;C:\Program Files\Microsoft VS Code\bin;C:\Users\ThekME\AppData\Local\GitHubDesktop\bin;C:\adb;C:\PostgreSQL\pg11\bin;C:\Users\ThekME\AppData\Local\Microsoft\WindowsApps;C:\Program Files\Microsoft VS Code\bin;C:\Users\ThekME\AppData\Local\GitHubDesktop\bin
USERNAME=ThekME
OS=Windows_NT
PROCESSOR_IDENTIFIER=Intel64 Family 6 Model 60 Stepping 3, GenuineIntel



---------------  S Y S T E M  ---------------

OS: Windows 10.0 , 64 bit Build 16299 (10.0.16299.431)

CPU:total 4 (initial active 4) (2 cores per cpu, 2 threads per core) family 6 model 60 stepping 3, cmov, cx8, fxsr, mmx, sse, sse2, sse3, ssse3, sse4.1, sse4.2, popcnt, avx, avx2, aes, clmul, erms, lzcnt, ht, tsc, tscinvbit, bmi1, bmi2

Memory: 4k page, physical 12463132k(6836272k free), swap 14363676k(7648472k free)

vm_info: Java HotSpot(TM) 64-Bit Server VM (25.141-b15) for windows-amd64 JRE (1.8.0_141-b15), built on Jul 12 2017 04:25:12 by "java_re" with MS VC++ 10.0 (VS2010)

time: Mon Jan 07 00:55:16 2019
elapsed time: 4 seconds (0d 0h 0m 4s)

